{
  "RSpec": {
    "coverage": {
      "/Users/Vivian_Chu/git/dmr/app/helpers/application_helper.rb": [
        1,
        null
      ],
      "/Users/Vivian_Chu/git/dmr/app/helpers/media_helper.rb": [
        1,
        null
      ],
      "/Users/Vivian_Chu/git/dmr/app/helpers/welcome_helper.rb": [
        1,
        null
      ],
      "/Users/Vivian_Chu/git/dmr/app/controllers/media_controller.rb": [
        null,
        null,
        null,
        null,
        1,
        null,
        1,
        1,
        null,
        null,
        1,
        1,
        null,
        null,
        1,
        1,
        null,
        null,
        1,
        6,
        6,
        null,
        3,
        null,
        3,
        null,
        null,
        null,
        1,
        1,
        null,
        null,
        1,
        6,
        6,
        3,
        null,
        3,
        null,
        null,
        null,
        1,
        1,
        12,
        null,
        null,
        null
      ],
      "/Users/Vivian_Chu/git/dmr/app/controllers/application_controller.rb": [
        1,
        null,
        null,
        1,
        null
      ],
      "/Users/Vivian_Chu/git/dmr/app/models/media.rb": [
        null,
        null,
        null,
        null,
        1,
        1,
        1,
        1,
        1,
        null
      ]
    },
    "timestamp": 1435852941
  }
}
